C:\Program Files (x86)\Microsoft Visual Studio\2017\Community\Common7\IDE\VC\VCTargets\Microsoft.CppBuild.targets(391,5): warning MSB8028: The intermediate directory (x64\Debug\) contains files shared from another project (Asg_00.vcxproj).  This can lead to incorrect clean and rebuild behavior.
  main.cpp
c:\users\kevin vanhorn\desktop\graphics\asg01_source\code\shader.h(53): warning C4101: 'info_log': unreferenced local variable
c:\users\kevin vanhorn\desktop\graphics\asg01_source\code\pointlight.h(28): warning C4244: '=': conversion from 'double' to 'float', possible loss of data
c:\users\kevin vanhorn\desktop\graphics\asg01_source\code\pointlight.h(40): warning C4305: 'initializing': truncation from 'double' to 'float'
c:\users\kevin vanhorn\desktop\graphics\asg01_source\code\main.cpp(277): warning C4267: 'argument': conversion from 'size_t' to 'GLsizei', possible loss of data
c:\users\kevin vanhorn\desktop\graphics\asg01_source\code\main.cpp(281): warning C4267: 'argument': conversion from 'size_t' to 'GLsizei', possible loss of data
c:\users\kevin vanhorn\desktop\graphics\asg01_source\code\main.cpp(285): warning C4267: 'argument': conversion from 'size_t' to 'GLsizei', possible loss of data
c:\users\kevin vanhorn\desktop\graphics\asg01_source\code\main.cpp(316): warning C4244: '+=': conversion from 'double' to 'float', possible loss of data
c:\users\kevin vanhorn\desktop\graphics\asg01_source\code\main.cpp(319): warning C4244: '+=': conversion from 'double' to 'float', possible loss of data
c:\users\kevin vanhorn\desktop\graphics\asg01_source\code\main.cpp(322): warning C4244: '+=': conversion from 'double' to 'float', possible loss of data
c:\users\kevin vanhorn\desktop\graphics\asg01_source\code\main.cpp(325): warning C4244: '+=': conversion from 'double' to 'float', possible loss of data
c:\users\kevin vanhorn\desktop\graphics\asg01_source\code\main.cpp(328): warning C4244: '+=': conversion from 'double' to 'float', possible loss of data
c:\users\kevin vanhorn\desktop\graphics\asg01_source\code\main.cpp(331): warning C4244: '+=': conversion from 'double' to 'float', possible loss of data
c:\users\kevin vanhorn\desktop\graphics\asg01_source\code\main.cpp(545): warning C4244: '=': conversion from 'double' to 'T', possible loss of data
          with
          [
              T=float
          ]
c:\users\kevin vanhorn\desktop\graphics\asg01_source\code\main.cpp(546): warning C4244: '=': conversion from 'double' to 'T', possible loss of data
          with
          [
              T=float
          ]
c:\users\kevin vanhorn\desktop\graphics\asg01_source\code\main.cpp(547): warning C4244: '=': conversion from 'double' to 'T', possible loss of data
          with
          [
              T=float
          ]
c:\users\kevin vanhorn\desktop\graphics\asg01_source\code\main.cpp(697): warning C4244: 'argument': conversion from 'T' to 'GLsizei', possible loss of data
          with
          [
              T=float
          ]
c:\users\kevin vanhorn\desktop\graphics\asg01_source\code\main.cpp(903): warning C4244: 'initializing': conversion from 'float' to 'int', possible loss of data
c:\users\kevin vanhorn\desktop\graphics\asg01_source\code\main.cpp(912): warning C4244: 'initializing': conversion from 'T' to 'size_t', possible loss of data
          with
          [
              T=float
          ]
  Asg_01.vcxproj -> C:\Users\Kevin VanHorn\Desktop\Graphics\CS6366\x64\Debug\Asg_01.exe
