C:\Program Files (x86)\Microsoft Visual Studio\2017\Community\Common7\IDE\VC\VCTargets\Microsoft.CppBuild.targets(391,5): warning MSB8028: The intermediate directory (x64\Release\) contains files shared from another project (Asg_00.vcxproj).  This can lead to incorrect clean and rebuild behavior.
  main.cpp
c:\users\kevin vanhorn\desktop\graphics\asg01_source\code\shader.h(51): warning C4101: 'info_log': unreferenced local variable
c:\users\kevin vanhorn\desktop\graphics\asg01_source\code\main.cpp(187): warning C4267: 'argument': conversion from 'size_t' to 'GLsizei', possible loss of data
c:\users\kevin vanhorn\desktop\graphics\asg01_source\code\main.cpp(191): warning C4267: 'argument': conversion from 'size_t' to 'GLsizei', possible loss of data
c:\users\kevin vanhorn\desktop\graphics\asg01_source\code\main.cpp(195): warning C4267: 'argument': conversion from 'size_t' to 'GLsizei', possible loss of data
c:\users\kevin vanhorn\desktop\graphics\asg01_source\code\main.cpp(219): warning C4244: '+=': conversion from 'double' to 'float', possible loss of data
c:\users\kevin vanhorn\desktop\graphics\asg01_source\code\main.cpp(222): warning C4244: '+=': conversion from 'double' to 'float', possible loss of data
c:\users\kevin vanhorn\desktop\graphics\asg01_source\code\main.cpp(225): warning C4244: '+=': conversion from 'double' to 'float', possible loss of data
c:\users\kevin vanhorn\desktop\graphics\asg01_source\code\main.cpp(228): warning C4244: '+=': conversion from 'double' to 'float', possible loss of data
c:\users\kevin vanhorn\desktop\graphics\asg01_source\code\main.cpp(231): warning C4244: '+=': conversion from 'double' to 'float', possible loss of data
c:\users\kevin vanhorn\desktop\graphics\asg01_source\code\main.cpp(234): warning C4244: '+=': conversion from 'double' to 'float', possible loss of data
c:\users\kevin vanhorn\desktop\graphics\asg01_source\code\main.cpp(469): warning C4244: '=': conversion from 'double' to 'T', possible loss of data
          with
          [
              T=float
          ]
c:\users\kevin vanhorn\desktop\graphics\asg01_source\code\main.cpp(470): warning C4244: '=': conversion from 'double' to 'T', possible loss of data
          with
          [
              T=float
          ]
c:\users\kevin vanhorn\desktop\graphics\asg01_source\code\main.cpp(471): warning C4244: '=': conversion from 'double' to 'T', possible loss of data
          with
          [
              T=float
          ]
c:\users\kevin vanhorn\desktop\graphics\asg01_source\code\main.cpp(472): warning C4244: '=': conversion from 'double' to 'float', possible loss of data
c:\users\kevin vanhorn\desktop\graphics\asg01_source\code\main.cpp(473): warning C4244: '=': conversion from 'double' to 'float', possible loss of data
LINK : warning LNK4098: defaultlib 'LIBCMT' conflicts with use of other libs; use /NODEFAULTLIB:library
  Generating code
  All 2547 functions were compiled because no usable IPDB/IOBJ from previous compilation was found.
  Finished generating code
glew32s.lib(glew.obj) : warning LNK4099: PDB 'vc120.pdb' was not found with 'glew32s.lib(glew.obj)' or at 'C:\Users\Kevin VanHorn\Desktop\Graphics\CS6366\x64\Release\vc120.pdb'; linking object as if no debug info
  Asg_01.vcxproj -> C:\Users\Kevin VanHorn\Desktop\Graphics\CS6366\x64\Release\Asg_01.exe
